<?xml version="1.0" encoding="UTF-8"?>
<!-- Generated by org.testng.reporters.JUnitReportReporter -->
<testsuite hostname="NODE186" name="Abhi.pack.selenium.DemoPriorityTest" tests="8" failures="0" timestamp="19 Oct 2016 07:35:35 GMT" time="0.027" errors="0">
  <testcase name="testMethod2" time="0.012" classname="Abhi.pack.selenium.DemoPriorityTest"/>
  <testcase name="testMethod3" time="0.003" classname="Abhi.pack.selenium.DemoPriorityTest"/>
  <testcase name="testMethod7" time="0.001" classname="Abhi.pack.selenium.DemoPriorityTest"/>
  <testcase name="testMethod6" time="0.002" classname="Abhi.pack.selenium.DemoPriorityTest"/>
  <testcase name="testMethod1" time="0.002" classname="Abhi.pack.selenium.DemoPriorityTest"/>
  <testcase name="testMethod4" time="0.004" classname="Abhi.pack.selenium.DemoPriorityTest"/>
  <testcase name="testMethod8" time="0.002" classname="Abhi.pack.selenium.DemoPriorityTest"/>
  <testcase name="testMethod5" time="0.001" classname="Abhi.pack.selenium.DemoPriorityTest"/>
</testsuite> <!-- Abhi.pack.selenium.DemoPriorityTest -->
