<?xml version="1.0" encoding="UTF-8"?>
<!-- Generated by org.testng.reporters.JUnitReportReporter -->
<testsuite hostname="NODE186" name="Abhi.pack.selenium.DemoSampleTest" tests="4" failures="0" timestamp="17 Oct 2016 06:36:38 GMT" time="0.018" errors="0">
  <testcase name="testMethod" time="0.011" classname="Abhi.pack.selenium.DemoSampleTest"/>
  <testcase name="testMethod2" time="0.001" classname="Abhi.pack.selenium.DemoSampleTest"/>
  <testcase name="testMethod2" time="0.003" classname="Abhi.pack.selenium.DemoSampleTest"/>
  <testcase name="testMethod" time="0.003" classname="Abhi.pack.selenium.DemoSampleTest"/>
</testsuite> <!-- Abhi.pack.selenium.DemoSampleTest -->
