<?xml version="1.0" encoding="UTF-8"?>
<!-- Generated by org.testng.reporters.JUnitReportReporter -->
<testsuite hostname="NODE186" name="com.project.selenium.SeleniumIrctcTest" tests="2" failures="0" timestamp="19 Oct 2016 04:09:25 GMT" time="132.052" errors="0">
  <testcase name="testIRCTC" time="65.077" classname="com.project.selenium.SeleniumIrctcTest"/>
  <testcase name="testIRCTC2" time="66.975" classname="com.project.selenium.SeleniumIrctcTest"/>
</testsuite> <!-- com.project.selenium.SeleniumIrctcTest -->
