<?xml version="1.0" encoding="UTF-8"?>
<!-- Generated by org.testng.reporters.JUnitReportReporter -->
<testsuite hostname="NODE186" name="com.project.selenium.SeleniumDemoTest" tests="1" failures="0" timestamp="17 Oct 2016 11:23:24 GMT" time="31.170" errors="0">
  <testcase name="testGoogle" time="31.170" classname="com.project.selenium.SeleniumDemoTest"/>
</testsuite> <!-- com.project.selenium.SeleniumDemoTest -->
