<?xml version="1.0" encoding="UTF-8"?>
<!-- Generated by org.testng.reporters.JUnitReportReporter -->
<testsuite hostname="NODE186" name="com.project.selenium.SeleniumMakeMyTrip" tests="1" failures="0" timestamp="13 Oct 2016 05:26:44 GMT" time="69.312" errors="0">
  <testcase name="testMakeMyTrip" time="69.312" classname="com.project.selenium.SeleniumMakeMyTrip"/>
</testsuite> <!-- com.project.selenium.SeleniumMakeMyTrip -->
