<?xml version="1.0" encoding="UTF-8"?>
<!-- Generated by org.testng.reporters.JUnitReportReporter -->
<testsuite hostname="NODE186" name="com.project.selenium.DemoAnnotationTest" tests="4" failures="0" timestamp="17 Oct 2016 06:36:38 GMT" time="0.013" errors="0">
  <testcase name="testMethod2" time="0.003" classname="com.project.selenium.DemoAnnotationTest"/>
  <testcase name="testMethod" time="0.004" classname="com.project.selenium.DemoAnnotationTest"/>
  <testcase name="testMethod" time="0.004" classname="com.project.selenium.DemoAnnotationTest"/>
  <testcase name="testMethod2" time="0.002" classname="com.project.selenium.DemoAnnotationTest"/>
</testsuite> <!-- com.project.selenium.DemoAnnotationTest -->
